<?xml version="1.0" encoding="UTF-8"?>
<!-- Generated by org.testng.reporters.JUnitReportReporter -->
<testsuite hostname="DESKTOP-CSDR9DJ" failures="0" tests="1" name="scripts.Testcase2" time="15.324" errors="0" timestamp="2022-12-09T16:10:21 EST" skipped="0">
  <testcase classname="scripts.Testcase2" name="tc2" time="15.324"/>
  <system-out/>
</testsuite> <!-- scripts.Testcase2 -->
