<?xml version="1.0" encoding="UTF-8"?>
<!-- Generated by org.testng.reporters.JUnitReportReporter -->
<testsuite hostname="DESKTOP-CSDR9DJ" failures="0" tests="1" name="scripts.Testcase1" time="15.877" errors="0" timestamp="2022-12-09T09:34:20 EST" skipped="0">
  <testcase classname="scripts.Testcase1" name="tc1" time="15.877"/>
  <system-out/>
</testsuite> <!-- scripts.Testcase1 -->
